c:\users\anton\documents\github\ppc-composant3\consoleapplication2-dll\consoleapplication2\debug\composant3dll.pch
c:\users\anton\documents\github\ppc-composant3\consoleapplication2-dll\consoleapplication2\debug\vc140.pdb
c:\users\anton\documents\github\ppc-composant3\consoleapplication2-dll\consoleapplication2\debug\vc140.idb
c:\users\anton\documents\github\ppc-composant3\consoleapplication2-dll\consoleapplication2\debug\stdafx.obj
c:\users\anton\documents\github\ppc-composant3\consoleapplication2-dll\consoleapplication2\debug\consoleapplication2.obj
c:\users\anton\documents\github\ppc-composant3\consoleapplication2-dll\consoleapplication2\debug\dummybloc.obj
c:\users\anton\documents\github\ppc-composant3\consoleapplication2-dll\consoleapplication2\debug\mineur.obj
c:\users\anton\documents\github\ppc-composant3\consoleapplication2-dll\consoleapplication2\debug\dllmain.obj
c:\users\anton\documents\github\ppc-composant3\consoleapplication3-caller\debug\composant3dll.lib
c:\users\anton\documents\github\ppc-composant3\consoleapplication3-caller\debug\composant3dll.exp
c:\users\anton\documents\github\ppc-composant3\consoleapplication3-caller\debug\composant3dll.ilk
c:\users\anton\documents\github\ppc-composant3\consoleapplication3-caller\debug\composant3dll.dll
c:\users\anton\documents\github\ppc-composant3\consoleapplication3-caller\debug\composant3dll.pdb
c:\users\anton\documents\github\ppc-composant3\consoleapplication2-dll\consoleapplication2\debug\consoleapplication2.vcxprojresolveassemblyreference.cache
c:\users\anton\documents\github\ppc-composant3\consoleapplication2-dll\consoleapplication2\debug\composant3dll.tlog\cl.command.1.tlog
c:\users\anton\documents\github\ppc-composant3\consoleapplication2-dll\consoleapplication2\debug\composant3dll.tlog\cl.read.1.tlog
c:\users\anton\documents\github\ppc-composant3\consoleapplication2-dll\consoleapplication2\debug\composant3dll.tlog\cl.write.1.tlog
c:\users\anton\documents\github\ppc-composant3\consoleapplication2-dll\consoleapplication2\debug\composant3dll.tlog\composant3dll.write.1u.tlog
c:\users\anton\documents\github\ppc-composant3\consoleapplication2-dll\consoleapplication2\debug\composant3dll.tlog\link.command.1.tlog
c:\users\anton\documents\github\ppc-composant3\consoleapplication2-dll\consoleapplication2\debug\composant3dll.tlog\link.read.1.tlog
c:\users\anton\documents\github\ppc-composant3\consoleapplication2-dll\consoleapplication2\debug\composant3dll.tlog\link.write.1.tlog
